Determining if the pthread_create exist failed with the following output:
Change Dir: /home/free/catkin_kinect2/build/CMakeFiles/CMakeTmp

Run Build Command:"/usr/bin/make" "cmTC_f826c/fast"
/usr/bin/make -f CMakeFiles/cmTC_f826c.dir/build.make CMakeFiles/cmTC_f826c.dir/build
make[1]: Entering directory '/home/free/catkin_kinect2/build/CMakeFiles/CMakeTmp'
Building C object CMakeFiles/cmTC_f826c.dir/CheckSymbolExists.c.o
/usr/bin/cc     -o CMakeFiles/cmTC_f826c.dir/CheckSymbolExists.c.o   -c /home/free/catkin_kinect2/build/CMakeFiles/CMakeTmp/CheckSymbolExists.c
Linking C executable cmTC_f826c
/usr/bin/cmake -E cmake_link_script CMakeFiles/cmTC_f826c.dir/link.txt --verbose=1
/usr/bin/cc       CMakeFiles/cmTC_f826c.dir/CheckSymbolExists.c.o  -o cmTC_f826c -rdynamic 
CMakeFiles/cmTC_f826c.dir/CheckSymbolExists.c.o：在函数‘main’中：
CheckSymbolExists.c:(.text+0x16)：对‘pthread_create’未定义的引用
collect2: error: ld returned 1 exit status
CMakeFiles/cmTC_f826c.dir/build.make:97: recipe for target 'cmTC_f826c' failed
make[1]: *** [cmTC_f826c] Error 1
make[1]: Leaving directory '/home/free/catkin_kinect2/build/CMakeFiles/CMakeTmp'
Makefile:126: recipe for target 'cmTC_f826c/fast' failed
make: *** [cmTC_f826c/fast] Error 2

File /home/free/catkin_kinect2/build/CMakeFiles/CMakeTmp/CheckSymbolExists.c:
/* */
#include <pthread.h>

int main(int argc, char** argv)
{
  (void)argv;
#ifndef pthread_create
  return ((int*)(&pthread_create))[argc];
#else
  (void)argc;
  return 0;
#endif
}

Determining if the function pthread_create exists in the pthreads failed with the following output:
Change Dir: /home/free/catkin_kinect2/build/CMakeFiles/CMakeTmp

Run Build Command:"/usr/bin/make" "cmTC_26f66/fast"
/usr/bin/make -f CMakeFiles/cmTC_26f66.dir/build.make CMakeFiles/cmTC_26f66.dir/build
make[1]: Entering directory '/home/free/catkin_kinect2/build/CMakeFiles/CMakeTmp'
Building C object CMakeFiles/cmTC_26f66.dir/CheckFunctionExists.c.o
/usr/bin/cc    -DCHECK_FUNCTION_EXISTS=pthread_create   -o CMakeFiles/cmTC_26f66.dir/CheckFunctionExists.c.o   -c /usr/share/cmake-3.5/Modules/CheckFunctionExists.c
Linking C executable cmTC_26f66
/usr/bin/cmake -E cmake_link_script CMakeFiles/cmTC_26f66.dir/link.txt --verbose=1
/usr/bin/cc   -DCHECK_FUNCTION_EXISTS=pthread_create    CMakeFiles/cmTC_26f66.dir/CheckFunctionExists.c.o  -o cmTC_26f66 -rdynamic -lpthreads 
/usr/bin/ld: 找不到 -lpthreads
collect2: error: ld returned 1 exit status
CMakeFiles/cmTC_26f66.dir/build.make:97: recipe for target 'cmTC_26f66' failed
make[1]: *** [cmTC_26f66] Error 1
make[1]: Leaving directory '/home/free/catkin_kinect2/build/CMakeFiles/CMakeTmp'
Makefile:126: recipe for target 'cmTC_26f66/fast' failed
make: *** [cmTC_26f66/fast] Error 2


Determining if the CL_VERSION_2_0 exist failed with the following output:
Change Dir: /home/free/catkin_kinect2/build/CMakeFiles/CMakeTmp

Run Build Command:"/usr/bin/make" "cmTC_fb6e0/fast"
/usr/bin/make -f CMakeFiles/cmTC_fb6e0.dir/build.make CMakeFiles/cmTC_fb6e0.dir/build
make[1]: Entering directory '/home/free/catkin_kinect2/build/CMakeFiles/CMakeTmp'
Building C object CMakeFiles/cmTC_fb6e0.dir/CheckSymbolExists.c.o
/usr/bin/cc   -I/usr/local/cuda-9.0/include   -o CMakeFiles/cmTC_fb6e0.dir/CheckSymbolExists.c.o   -c /home/free/catkin_kinect2/build/CMakeFiles/CMakeTmp/CheckSymbolExists.c
/home/free/catkin_kinect2/build/CMakeFiles/CMakeTmp/CheckSymbolExists.c: In function ‘main’:
/home/free/catkin_kinect2/build/CMakeFiles/CMakeTmp/CheckSymbolExists.c:8:19: error: ‘CL_VERSION_2_0’ undeclared (first use in this function)
   return ((int*)(&CL_VERSION_2_0))[argc];
                   ^
/home/free/catkin_kinect2/build/CMakeFiles/CMakeTmp/CheckSymbolExists.c:8:19: note: each undeclared identifier is reported only once for each function it appears in
CMakeFiles/cmTC_fb6e0.dir/build.make:65: recipe for target 'CMakeFiles/cmTC_fb6e0.dir/CheckSymbolExists.c.o' failed
make[1]: *** [CMakeFiles/cmTC_fb6e0.dir/CheckSymbolExists.c.o] Error 1
make[1]: Leaving directory '/home/free/catkin_kinect2/build/CMakeFiles/CMakeTmp'
Makefile:126: recipe for target 'cmTC_fb6e0/fast' failed
make: *** [cmTC_fb6e0/fast] Error 2

File /home/free/catkin_kinect2/build/CMakeFiles/CMakeTmp/CheckSymbolExists.c:
/* */
#include </usr/local/cuda-9.0/include/CL/cl.h>

int main(int argc, char** argv)
{
  (void)argv;
#ifndef CL_VERSION_2_0
  return ((int*)(&CL_VERSION_2_0))[argc];
#else
  (void)argc;
  return 0;
#endif
}

